{"C:\\Users\\TatsuyaMiyazaki\\Dev\\project-planner\\.worktrees\\task-1764979294383-ac1236\\components\\Dashboard\\AssigneeWorkloadSection.tsx": {"path":"C:\\Users\\TatsuyaMiyazaki\\Dev\\project-planner\\.worktrees\\task-1764979294383-ac1236\\components\\Dashboard\\AssigneeWorkloadSection.tsx","statementMap":{"0":{"start":{"line":16,"column":43},"end":{"line":32,"column":null}},"1":{"start":{"line":17,"column":2},"end":{"line":32,"column":null}},"2":{"start":{"line":22,"column":10},"end":{"line":28,"column":null}},"3":{"start":{"line":38,"column":29},"end":{"line":53,"column":null}},"4":{"start":{"line":39,"column":2},"end":{"line":53,"column":null}},"5":{"start":{"line":59,"column":72},"end":{"line":103,"column":null}},"6":{"start":{"line":63,"column":2},"end":{"line":65,"column":null}},"7":{"start":{"line":64,"column":4},"end":{"line":64,"column":null}},"8":{"start":{"line":67,"column":2},"end":{"line":69,"column":null}},"9":{"start":{"line":68,"column":4},"end":{"line":68,"column":null}},"10":{"start":{"line":71,"column":2},"end":{"line":101,"column":null}},"11":{"start":{"line":83,"column":12},"end":{"line":97,"column":null}}},"fnMap":{"0":{"name":"(anonymous_0)","decl":{"start":{"line":16,"column":43},"end":{"line":16,"column":null}},"loc":{"start":{"line":17,"column":2},"end":{"line":32,"column":null}},"line":17},"1":{"name":"(anonymous_1)","decl":{"start":{"line":21,"column":26},"end":{"line":21,"column":27}},"loc":{"start":{"line":22,"column":10},"end":{"line":28,"column":null}},"line":22},"2":{"name":"(anonymous_2)","decl":{"start":{"line":38,"column":29},"end":{"line":38,"column":null}},"loc":{"start":{"line":39,"column":2},"end":{"line":53,"column":null}},"line":39},"3":{"name":"(anonymous_3)","decl":{"start":{"line":59,"column":72},"end":{"line":59,"column":73}},"loc":{"start":{"line":62,"column":6},"end":{"line":103,"column":null}},"line":62},"4":{"name":"(anonymous_4)","decl":{"start":{"line":82,"column":29},"end":{"line":82,"column":30}},"loc":{"start":{"line":83,"column":12},"end":{"line":97,"column":null}},"line":83}},"branchMap":{"0":{"loc":{"start":{"line":61,"column":2},"end":{"line":61,"column":null}},"type":"default-arg","locations":[{"start":{"line":61,"column":14},"end":{"line":61,"column":null}}],"line":61},"1":{"loc":{"start":{"line":63,"column":2},"end":{"line":65,"column":null}},"type":"if","locations":[{"start":{"line":63,"column":2},"end":{"line":65,"column":null}},{"start":{},"end":{}}],"line":63},"2":{"loc":{"start":{"line":67,"column":2},"end":{"line":69,"column":null}},"type":"if","locations":[{"start":{"line":67,"column":2},"end":{"line":69,"column":null}},{"start":{},"end":{}}],"line":67}},"s":{"0":2,"1":2,"2":8,"3":2,"4":2,"5":2,"6":18,"7":2,"8":16,"9":2,"10":14,"11":33},"f":{"0":2,"1":8,"2":2,"3":18,"4":33},"b":{"0":[18],"1":[2,16],"2":[2,14]},"meta":{"lastBranch":3,"lastFunction":5,"lastStatement":12,"seen":{"s:16:43:32:Infinity":0,"f:16:43:16:Infinity":0,"s:17:2:32:Infinity":1,"f:21:26:21:27":1,"s:22:10:28:Infinity":2,"s:38:29:53:Infinity":3,"f:38:29:38:Infinity":2,"s:39:2:53:Infinity":4,"s:59:72:103:Infinity":5,"f:59:72:59:73":3,"b:61:14:61:Infinity":0,"b:63:2:65:Infinity:undefined:undefined:undefined:undefined":1,"s:63:2:65:Infinity":6,"s:64:4:64:Infinity":7,"b:67:2:69:Infinity:undefined:undefined:undefined:undefined":2,"s:67:2:69:Infinity":8,"s:68:4:68:Infinity":9,"s:71:2:101:Infinity":10,"f:82:29:82:30":4,"s:83:12:97:Infinity":11}}}
,"C:\\Users\\TatsuyaMiyazaki\\Dev\\project-planner\\.worktrees\\task-1764979294383-ac1236\\components\\Dashboard\\ProjectCard.tsx": {"path":"C:\\Users\\TatsuyaMiyazaki\\Dev\\project-planner\\.worktrees\\task-1764979294383-ac1236\\components\\Dashboard\\ProjectCard.tsx","statementMap":{"0":{"start":{"line":23,"column":19},"end":{"line":30,"column":null}},"1":{"start":{"line":24,"column":2},"end":{"line":24,"column":null}},"2":{"start":{"line":24,"column":13},"end":{"line":24,"column":null}},"3":{"start":{"line":25,"column":2},"end":{"line":29,"column":null}},"4":{"start":{"line":35,"column":30},"end":{"line":43,"column":null}},"5":{"start":{"line":36,"column":2},"end":{"line":38,"column":null}},"6":{"start":{"line":37,"column":4},"end":{"line":37,"column":null}},"7":{"start":{"line":39,"column":2},"end":{"line":41,"column":null}},"8":{"start":{"line":40,"column":4},"end":{"line":40,"column":null}},"9":{"start":{"line":42,"column":2},"end":{"line":42,"column":null}},"10":{"start":{"line":48,"column":38},"end":{"line":62,"column":null}},"11":{"start":{"line":49,"column":2},"end":{"line":62,"column":null}},"12":{"start":{"line":68,"column":48},"end":{"line":221,"column":null}},"13":{"start":{"line":75,"column":2},"end":{"line":77,"column":null}},"14":{"start":{"line":76,"column":4},"end":{"line":76,"column":null}},"15":{"start":{"line":80,"column":23},"end":{"line":87,"column":null}},"16":{"start":{"line":83,"column":27},"end":{"line":83,"column":null}},"17":{"start":{"line":83,"column":49},"end":{"line":83,"column":60}},"18":{"start":{"line":84,"column":10},"end":{"line":84,"column":null}},"19":{"start":{"line":86,"column":24},"end":{"line":86,"column":41}},"20":{"start":{"line":88,"column":27},"end":{"line":88,"column":null}},"21":{"start":{"line":89,"column":25},"end":{"line":89,"column":null}},"22":{"start":{"line":91,"column":2},"end":{"line":219,"column":null}},"23":{"start":{"line":94,"column":24},"end":{"line":94,"column":null}},"24":{"start":{"line":198,"column":14},"end":{"line":203,"column":null}}},"fnMap":{"0":{"name":"(anonymous_0)","decl":{"start":{"line":23,"column":19},"end":{"line":23,"column":20}},"loc":{"start":{"line":23,"column":50},"end":{"line":30,"column":null}},"line":23},"1":{"name":"(anonymous_1)","decl":{"start":{"line":35,"column":30},"end":{"line":35,"column":31}},"loc":{"start":{"line":35,"column":56},"end":{"line":43,"column":null}},"line":35},"2":{"name":"(anonymous_2)","decl":{"start":{"line":48,"column":38},"end":{"line":48,"column":null}},"loc":{"start":{"line":49,"column":2},"end":{"line":62,"column":null}},"line":49},"3":{"name":"(anonymous_3)","decl":{"start":{"line":68,"column":48},"end":{"line":68,"column":49}},"loc":{"start":{"line":74,"column":6},"end":{"line":221,"column":null}},"line":74},"4":{"name":"(anonymous_4)","decl":{"start":{"line":82,"column":13},"end":{"line":82,"column":14}},"loc":{"start":{"line":82,"column":30},"end":{"line":85,"column":9}},"line":82},"5":{"name":"(anonymous_5)","decl":{"start":{"line":83,"column":42},"end":{"line":83,"column":43}},"loc":{"start":{"line":83,"column":49},"end":{"line":83,"column":60}},"line":83},"6":{"name":"(anonymous_6)","decl":{"start":{"line":86,"column":14},"end":{"line":86,"column":15}},"loc":{"start":{"line":86,"column":24},"end":{"line":86,"column":41}},"line":86},"7":{"name":"(anonymous_7)","decl":{"start":{"line":94,"column":17},"end":{"line":94,"column":18}},"loc":{"start":{"line":94,"column":24},"end":{"line":94,"column":null}},"line":94},"8":{"name":"(anonymous_8)","decl":{"start":{"line":197,"column":34},"end":{"line":197,"column":35}},"loc":{"start":{"line":198,"column":14},"end":{"line":203,"column":null}},"line":198}},"branchMap":{"0":{"loc":{"start":{"line":24,"column":2},"end":{"line":24,"column":null}},"type":"if","locations":[{"start":{"line":24,"column":2},"end":{"line":24,"column":null}},{"start":{},"end":{}}],"line":24},"1":{"loc":{"start":{"line":36,"column":2},"end":{"line":38,"column":null}},"type":"if","locations":[{"start":{"line":36,"column":2},"end":{"line":38,"column":null}},{"start":{},"end":{}}],"line":36},"2":{"loc":{"start":{"line":39,"column":2},"end":{"line":41,"column":null}},"type":"if","locations":[{"start":{"line":39,"column":2},"end":{"line":41,"column":null}},{"start":{},"end":{}}],"line":39},"3":{"loc":{"start":{"line":73,"column":2},"end":{"line":73,"column":null}},"type":"default-arg","locations":[{"start":{"line":73,"column":14},"end":{"line":73,"column":null}}],"line":73},"4":{"loc":{"start":{"line":75,"column":2},"end":{"line":77,"column":null}},"type":"if","locations":[{"start":{"line":75,"column":2},"end":{"line":77,"column":null}},{"start":{},"end":{}}],"line":75},"5":{"loc":{"start":{"line":80,"column":23},"end":{"line":87,"column":null}},"type":"cond-expr","locations":[{"start":{"line":81,"column":6},"end":{"line":86,"column":null}},{"start":{"line":87,"column":6},"end":{"line":87,"column":null}}],"line":80},"6":{"loc":{"start":{"line":84,"column":25},"end":{"line":84,"column":49}},"type":"binary-expr","locations":[{"start":{"line":84,"column":25},"end":{"line":84,"column":43}},{"start":{"line":84,"column":43},"end":{"line":84,"column":49}}],"line":84},"7":{"loc":{"start":{"line":94,"column":24},"end":{"line":94,"column":null}},"type":"binary-expr","locations":[{"start":{"line":94,"column":24},"end":{"line":94,"column":45}},{"start":{"line":94,"column":45},"end":{"line":94,"column":null}}],"line":94},"8":{"loc":{"start":{"line":108,"column":9},"end":{"line":115,"column":null}},"type":"binary-expr","locations":[{"start":{"line":108,"column":9},"end":{"line":108,"column":18}},{"start":{"line":108,"column":18},"end":{"line":108,"column":null}},{"start":{"line":109,"column":10},"end":{"line":115,"column":null}}],"line":108},"9":{"loc":{"start":{"line":132,"column":9},"end":{"line":140,"column":null}},"type":"binary-expr","locations":[{"start":{"line":132,"column":9},"end":{"line":132,"column":18}},{"start":{"line":132,"column":18},"end":{"line":132,"column":null}},{"start":{"line":133,"column":10},"end":{"line":140,"column":null}}],"line":132},"10":{"loc":{"start":{"line":137,"column":13},"end":{"line":139,"column":null}},"type":"cond-expr","locations":[{"start":{"line":138,"column":16},"end":{"line":138,"column":null}},{"start":{"line":139,"column":16},"end":{"line":139,"column":null}}],"line":137},"11":{"loc":{"start":{"line":151,"column":21},"end":{"line":151,"column":46}},"type":"binary-expr","locations":[{"start":{"line":151,"column":21},"end":{"line":151,"column":44}},{"start":{"line":151,"column":44},"end":{"line":151,"column":46}}],"line":151},"12":{"loc":{"start":{"line":157,"column":18},"end":{"line":157,"column":null}},"type":"binary-expr","locations":[{"start":{"line":157,"column":18},"end":{"line":157,"column":42}},{"start":{"line":157,"column":42},"end":{"line":157,"column":null}}],"line":157},"13":{"loc":{"start":{"line":159,"column":9},"end":{"line":165,"column":null}},"type":"binary-expr","locations":[{"start":{"line":159,"column":9},"end":{"line":159,"column":18}},{"start":{"line":159,"column":18},"end":{"line":159,"column":null}},{"start":{"line":160,"column":10},"end":{"line":165,"column":null}}],"line":159},"14":{"loc":{"start":{"line":170,"column":7},"end":{"line":190,"column":null}},"type":"binary-expr","locations":[{"start":{"line":170,"column":7},"end":{"line":170,"column":17}},{"start":{"line":170,"column":17},"end":{"line":170,"column":45}},{"start":{"line":170,"column":45},"end":{"line":170,"column":null}},{"start":{"line":171,"column":8},"end":{"line":190,"column":null}}],"line":170},"15":{"loc":{"start":{"line":172,"column":11},"end":{"line":179,"column":null}},"type":"binary-expr","locations":[{"start":{"line":172,"column":11},"end":{"line":172,"column":null}},{"start":{"line":173,"column":12},"end":{"line":179,"column":null}}],"line":172},"16":{"loc":{"start":{"line":181,"column":11},"end":{"line":188,"column":null}},"type":"binary-expr","locations":[{"start":{"line":181,"column":11},"end":{"line":181,"column":null}},{"start":{"line":182,"column":12},"end":{"line":188,"column":null}}],"line":181},"17":{"loc":{"start":{"line":194,"column":7},"end":{"line":211,"column":null}},"type":"binary-expr","locations":[{"start":{"line":194,"column":7},"end":{"line":194,"column":null}},{"start":{"line":195,"column":8},"end":{"line":211,"column":null}}],"line":194},"18":{"loc":{"start":{"line":205,"column":13},"end":{"line":208,"column":null}},"type":"binary-expr","locations":[{"start":{"line":205,"column":13},"end":{"line":205,"column":null}},{"start":{"line":206,"column":14},"end":{"line":208,"column":null}}],"line":205}},"s":{"0":2,"1":58,"2":1,"3":57,"4":2,"5":27,"6":1,"7":26,"8":0,"9":26,"10":2,"11":4,"12":2,"13":33,"14":4,"15":29,"16":76,"17":190,"18":76,"19":57,"20":33,"21":33,"22":33,"23":1,"24":57},"f":{"0":58,"1":27,"2":4,"3":33,"4":76,"5":190,"6":57,"7":1,"8":57},"b":{"0":[1,57],"1":[1,26],"2":[0,26],"3":[33],"4":[4,29],"5":[28,1],"6":[76,0],"7":[1,1],"8":[33,28,18],"9":[33,28,27],"10":[1,26],"11":[33,1],"12":[33,1],"13":[33,28,27],"14":[33,28,10,27],"15":[27,18],"16":[27,27],"17":[33,19],"18":[19,19]},"meta":{"lastBranch":19,"lastFunction":9,"lastStatement":25,"seen":{"s:23:19:30:Infinity":0,"f:23:19:23:20":0,"b:24:2:24:Infinity:undefined:undefined:undefined:undefined":0,"s:24:2:24:Infinity":1,"s:24:13:24:Infinity":2,"s:25:2:29:Infinity":3,"s:35:30:43:Infinity":4,"f:35:30:35:31":1,"b:36:2:38:Infinity:undefined:undefined:undefined:undefined":1,"s:36:2:38:Infinity":5,"s:37:4:37:Infinity":6,"b:39:2:41:Infinity:undefined:undefined:undefined:undefined":2,"s:39:2:41:Infinity":7,"s:40:4:40:Infinity":8,"s:42:2:42:Infinity":9,"s:48:38:62:Infinity":10,"f:48:38:48:Infinity":2,"s:49:2:62:Infinity":11,"s:68:48:221:Infinity":12,"f:68:48:68:49":3,"b:73:14:73:Infinity":3,"b:75:2:77:Infinity:undefined:undefined:undefined:undefined":4,"s:75:2:77:Infinity":13,"s:76:4:76:Infinity":14,"s:80:23:87:Infinity":15,"b:81:6:86:Infinity:87:6:87:Infinity":5,"f:82:13:82:14":4,"s:83:27:83:Infinity":16,"f:83:42:83:43":5,"s:83:49:83:60":17,"s:84:10:84:Infinity":18,"b:84:25:84:43:84:43:84:49":6,"f:86:14:86:15":6,"s:86:24:86:41":19,"s:88:27:88:Infinity":20,"s:89:25:89:Infinity":21,"s:91:2:219:Infinity":22,"f:94:17:94:18":7,"s:94:24:94:Infinity":23,"b:94:24:94:45:94:45:94:Infinity":7,"b:108:9:108:18:108:18:108:Infinity:109:10:115:Infinity":8,"b:132:9:132:18:132:18:132:Infinity:133:10:140:Infinity":9,"b:138:16:138:Infinity:139:16:139:Infinity":10,"b:151:21:151:44:151:44:151:46":11,"b:157:18:157:42:157:42:157:Infinity":12,"b:159:9:159:18:159:18:159:Infinity:160:10:165:Infinity":13,"b:170:7:170:17:170:17:170:45:170:45:170:Infinity:171:8:190:Infinity":14,"b:172:11:172:Infinity:173:12:179:Infinity":15,"b:181:11:181:Infinity:182:12:188:Infinity":16,"b:194:7:194:Infinity:195:8:211:Infinity":17,"f:197:34:197:35":8,"s:198:14:203:Infinity":24,"b:205:13:205:Infinity:206:14:208:Infinity":18}}}
,"C:\\Users\\TatsuyaMiyazaki\\Dev\\project-planner\\.worktrees\\task-1764979294383-ac1236\\components\\Dashboard\\StatCard.tsx": {"path":"C:\\Users\\TatsuyaMiyazaki\\Dev\\project-planner\\.worktrees\\task-1764979294383-ac1236\\components\\Dashboard\\StatCard.tsx","statementMap":{"0":{"start":{"line":25,"column":42},"end":{"line":55,"column":null}},"1":{"start":{"line":35,"column":2},"end":{"line":53,"column":null}}},"fnMap":{"0":{"name":"(anonymous_0)","decl":{"start":{"line":25,"column":42},"end":{"line":25,"column":43}},"loc":{"start":{"line":34,"column":6},"end":{"line":55,"column":null}},"line":34}},"branchMap":{"0":{"loc":{"start":{"line":28,"column":2},"end":{"line":28,"column":null}},"type":"default-arg","locations":[{"start":{"line":28,"column":20},"end":{"line":28,"column":null}}],"line":28},"1":{"loc":{"start":{"line":29,"column":2},"end":{"line":29,"column":null}},"type":"default-arg","locations":[{"start":{"line":29,"column":21},"end":{"line":29,"column":null}}],"line":29},"2":{"loc":{"start":{"line":33,"column":2},"end":{"line":33,"column":null}},"type":"default-arg","locations":[{"start":{"line":33,"column":14},"end":{"line":33,"column":null}}],"line":33},"3":{"loc":{"start":{"line":42,"column":102},"end":{"line":42,"column":122}},"type":"binary-expr","locations":[{"start":{"line":42,"column":102},"end":{"line":42,"column":120}},{"start":{"line":42,"column":120},"end":{"line":42,"column":122}}],"line":42},"4":{"loc":{"start":{"line":46,"column":7},"end":{"line":51,"column":null}},"type":"cond-expr","locations":[{"start":{"line":47,"column":8},"end":{"line":47,"column":null}},{"start":{"line":49,"column":8},"end":{"line":51,"column":null}}],"line":46}},"s":{"0":2,"1":79},"f":{"0":79},"b":{"0":[79],"1":[79],"2":[79],"3":[79,58],"4":[1,78]},"meta":{"lastBranch":5,"lastFunction":1,"lastStatement":2,"seen":{"s:25:42:55:Infinity":0,"f:25:42:25:43":0,"b:28:20:28:Infinity":0,"b:29:21:29:Infinity":1,"b:33:14:33:Infinity":2,"s:35:2:53:Infinity":1,"b:42:102:42:120:42:120:42:122":3,"b:47:8:47:Infinity:49:8:51:Infinity":4}}}
,"C:\\Users\\TatsuyaMiyazaki\\Dev\\project-planner\\.worktrees\\task-1764979294383-ac1236\\components\\Dashboard\\index.tsx": {"path":"C:\\Users\\TatsuyaMiyazaki\\Dev\\project-planner\\.worktrees\\task-1764979294383-ac1236\\components\\Dashboard\\index.tsx","statementMap":{"0":{"start":{"line":31,"column":32},"end":{"line":42,"column":null}},"1":{"start":{"line":32,"column":2},"end":{"line":42,"column":null}},"2":{"start":{"line":34,"column":6},"end":{"line":40,"column":null}},"3":{"start":{"line":48,"column":37},"end":{"line":57,"column":null}},"4":{"start":{"line":49,"column":2},"end":{"line":57,"column":null}},"5":{"start":{"line":64,"column":44},"end":{"line":183,"column":null}},"6":{"start":{"line":71,"column":29},"end":{"line":71,"column":null}},"7":{"start":{"line":71,"column":52},"end":{"line":71,"column":78}},"8":{"start":{"line":73,"column":2},"end":{"line":181,"column":null}},"9":{"start":{"line":95,"column":42},"end":{"line":95,"column":68}},"10":{"start":{"line":101,"column":42},"end":{"line":101,"column":66}},"11":{"start":{"line":107,"column":42},"end":{"line":107,"column":65}},"12":{"start":{"line":152,"column":14},"end":{"line":158,"column":null}},"13":{"start":{"line":170,"column":14},"end":{"line":176,"column":null}},"14":{"start":{"line":175,"column":31},"end":{"line":175,"column":null}}},"fnMap":{"0":{"name":"(anonymous_0)","decl":{"start":{"line":31,"column":32},"end":{"line":31,"column":null}},"loc":{"start":{"line":32,"column":2},"end":{"line":42,"column":null}},"line":32},"1":{"name":"(anonymous_1)","decl":{"start":{"line":33,"column":31},"end":{"line":33,"column":32}},"loc":{"start":{"line":34,"column":6},"end":{"line":40,"column":null}},"line":34},"2":{"name":"(anonymous_2)","decl":{"start":{"line":48,"column":37},"end":{"line":48,"column":null}},"loc":{"start":{"line":49,"column":2},"end":{"line":57,"column":null}},"line":49},"3":{"name":"(anonymous_3)","decl":{"start":{"line":64,"column":44},"end":{"line":64,"column":45}},"loc":{"start":{"line":70,"column":6},"end":{"line":183,"column":null}},"line":70},"4":{"name":"(anonymous_4)","decl":{"start":{"line":71,"column":45},"end":{"line":71,"column":46}},"loc":{"start":{"line":71,"column":52},"end":{"line":71,"column":78}},"line":71},"5":{"name":"(anonymous_5)","decl":{"start":{"line":95,"column":35},"end":{"line":95,"column":36}},"loc":{"start":{"line":95,"column":42},"end":{"line":95,"column":68}},"line":95},"6":{"name":"(anonymous_6)","decl":{"start":{"line":101,"column":35},"end":{"line":101,"column":36}},"loc":{"start":{"line":101,"column":42},"end":{"line":101,"column":66}},"line":101},"7":{"name":"(anonymous_7)","decl":{"start":{"line":107,"column":35},"end":{"line":107,"column":36}},"loc":{"start":{"line":107,"column":42},"end":{"line":107,"column":65}},"line":107},"8":{"name":"(anonymous_8)","decl":{"start":{"line":151,"column":27},"end":{"line":151,"column":28}},"loc":{"start":{"line":152,"column":14},"end":{"line":158,"column":null}},"line":152},"9":{"name":"(anonymous_9)","decl":{"start":{"line":156,"column":25},"end":{"line":156,"column":31}},"loc":{"start":{"line":156,"column":31},"end":{"line":156,"column":null}},"line":156},"10":{"name":"(anonymous_10)","decl":{"start":{"line":169,"column":36},"end":{"line":169,"column":37}},"loc":{"start":{"line":170,"column":14},"end":{"line":176,"column":null}},"line":170},"11":{"name":"(anonymous_11)","decl":{"start":{"line":175,"column":25},"end":{"line":175,"column":31}},"loc":{"start":{"line":175,"column":31},"end":{"line":175,"column":null}},"line":175}},"branchMap":{"0":{"loc":{"start":{"line":69,"column":2},"end":{"line":69,"column":null}},"type":"default-arg","locations":[{"start":{"line":69,"column":14},"end":{"line":69,"column":null}}],"line":69},"1":{"loc":{"start":{"line":80,"column":7},"end":{"line":135,"column":null}},"type":"cond-expr","locations":[{"start":{"line":81,"column":8},"end":{"line":81,"column":null}},{"start":{"line":83,"column":8},"end":{"line":135,"column":null}}],"line":80},"2":{"loc":{"start":{"line":149,"column":9},"end":{"line":178,"column":null}},"type":"cond-expr","locations":[{"start":{"line":150,"column":10},"end":{"line":160,"column":null}},{"start":{"line":161,"column":12},"end":{"line":178,"column":null}}],"line":149},"3":{"loc":{"start":{"line":161,"column":12},"end":{"line":178,"column":null}},"type":"cond-expr","locations":[{"start":{"line":162,"column":10},"end":{"line":162,"column":null}},{"start":{"line":164,"column":10},"end":{"line":178,"column":null}}],"line":161}},"s":{"0":1,"1":1,"2":7,"3":1,"4":2,"5":1,"6":11,"7":16,"8":11,"9":15,"10":15,"11":15,"12":3,"13":9,"14":1},"f":{"0":1,"1":7,"2":2,"3":11,"4":16,"5":15,"6":15,"7":15,"8":3,"9":0,"10":9,"11":1},"b":{"0":[11],"1":[1,10],"2":[1,10],"3":[2,8]},"meta":{"lastBranch":4,"lastFunction":12,"lastStatement":15,"seen":{"s:31:32:42:Infinity":0,"f:31:32:31:Infinity":0,"s:32:2:42:Infinity":1,"f:33:31:33:32":1,"s:34:6:40:Infinity":2,"s:48:37:57:Infinity":3,"f:48:37:48:Infinity":2,"s:49:2:57:Infinity":4,"s:64:44:183:Infinity":5,"f:64:44:64:45":3,"b:69:14:69:Infinity":0,"s:71:29:71:Infinity":6,"f:71:45:71:46":4,"s:71:52:71:78":7,"s:73:2:181:Infinity":8,"b:81:8:81:Infinity:83:8:135:Infinity":1,"f:95:35:95:36":5,"s:95:42:95:68":9,"f:101:35:101:36":6,"s:101:42:101:66":10,"f:107:35:107:36":7,"s:107:42:107:65":11,"b:150:10:160:Infinity:161:12:178:Infinity":2,"f:151:27:151:28":8,"s:152:14:158:Infinity":12,"f:156:25:156:31":9,"b:162:10:162:Infinity:164:10:178:Infinity":3,"f:169:36:169:37":10,"s:170:14:176:Infinity":13,"f:175:25:175:31":11,"s:175:31:175:Infinity":14}}}
,"C:\\Users\\TatsuyaMiyazaki\\Dev\\project-planner\\.worktrees\\task-1764979294383-ac1236\\hooks\\useDashboardStats.ts": {"path":"C:\\Users\\TatsuyaMiyazaki\\Dev\\project-planner\\.worktrees\\task-1764979294383-ac1236\\hooks\\useDashboardStats.ts","statementMap":{"0":{"start":{"line":70,"column":18},"end":{"line":74,"column":null}},"1":{"start":{"line":71,"column":18},"end":{"line":71,"column":null}},"2":{"start":{"line":72,"column":2},"end":{"line":72,"column":null}},"3":{"start":{"line":73,"column":2},"end":{"line":73,"column":null}},"4":{"start":{"line":83,"column":18},"end":{"line":88,"column":null}},"5":{"start":{"line":84,"column":18},"end":{"line":84,"column":null}},"6":{"start":{"line":85,"column":2},"end":{"line":85,"column":null}},"7":{"start":{"line":86,"column":8},"end":{"line":86,"column":null}},"8":{"start":{"line":87,"column":2},"end":{"line":87,"column":null}},"9":{"start":{"line":96,"column":31},"end":{"line":101,"column":null}},"10":{"start":{"line":97,"column":2},"end":{"line":97,"column":null}},"11":{"start":{"line":97,"column":23},"end":{"line":97,"column":null}},"12":{"start":{"line":98,"column":18},"end":{"line":98,"column":null}},"13":{"start":{"line":99,"column":2},"end":{"line":99,"column":null}},"14":{"start":{"line":100,"column":2},"end":{"line":100,"column":null}},"15":{"start":{"line":127,"column":2},"end":{"line":217,"column":null}},"16":{"start":{"line":128,"column":10},"end":{"line":128,"column":null}},"17":{"start":{"line":131,"column":25},"end":{"line":131,"column":null}},"18":{"start":{"line":134,"column":23},"end":{"line":134,"column":null}},"19":{"start":{"line":135,"column":23},"end":{"line":135,"column":null}},"20":{"start":{"line":136,"column":23},"end":{"line":136,"column":null}},"21":{"start":{"line":139,"column":38},"end":{"line":139,"column":null}},"22":{"start":{"line":142,"column":4},"end":{"line":190,"column":null}},"23":{"start":{"line":143,"column":29},"end":{"line":143,"column":null}},"24":{"start":{"line":143,"column":51},"end":{"line":143,"column":77}},"25":{"start":{"line":146,"column":28},"end":{"line":146,"column":null}},"26":{"start":{"line":146,"column":57},"end":{"line":146,"column":76}},"27":{"start":{"line":149,"column":32},"end":{"line":149,"column":null}},"28":{"start":{"line":149,"column":61},"end":{"line":149,"column":82}},"29":{"start":{"line":152,"column":29},"end":{"line":152,"column":null}},"30":{"start":{"line":152,"column":58},"end":{"line":152,"column":85}},"31":{"start":{"line":155,"column":29},"end":{"line":157,"column":null}},"32":{"start":{"line":156,"column":8},"end":{"line":156,"column":null}},"33":{"start":{"line":160,"column":28},"end":{"line":160,"column":null}},"34":{"start":{"line":163,"column":32},"end":{"line":163,"column":null}},"35":{"start":{"line":164,"column":6},"end":{"line":173,"column":null}},"36":{"start":{"line":165,"column":8},"end":{"line":172,"column":null}},"37":{"start":{"line":166,"column":24},"end":{"line":166,"column":null}},"38":{"start":{"line":167,"column":10},"end":{"line":167,"column":null}},"39":{"start":{"line":170,"column":30},"end":{"line":170,"column":null}},"40":{"start":{"line":171,"column":10},"end":{"line":171,"column":null}},"41":{"start":{"line":175,"column":6},"end":{"line":184,"column":null}},"42":{"start":{"line":187,"column":6},"end":{"line":187,"column":null}},"43":{"start":{"line":188,"column":6},"end":{"line":188,"column":null}},"44":{"start":{"line":189,"column":6},"end":{"line":189,"column":null}},"45":{"start":{"line":193,"column":43},"end":{"line":193,"column":null}},"46":{"start":{"line":194,"column":4},"end":{"line":203,"column":null}},"47":{"start":{"line":195,"column":26},"end":{"line":195,"column":null}},"48":{"start":{"line":196,"column":6},"end":{"line":202,"column":null}},"49":{"start":{"line":197,"column":8},"end":{"line":201,"column":null}},"50":{"start":{"line":206,"column":4},"end":{"line":206,"column":null}},"51":{"start":{"line":206,"column":33},"end":{"line":206,"column":62}},"52":{"start":{"line":208,"column":4},"end":{"line":216,"column":null}}},"fnMap":{"0":{"name":"(anonymous_0)","decl":{"start":{"line":70,"column":18},"end":{"line":70,"column":19}},"loc":{"start":{"line":70,"column":65},"end":{"line":74,"column":null}},"line":70},"1":{"name":"(anonymous_1)","decl":{"start":{"line":83,"column":18},"end":{"line":83,"column":19}},"loc":{"start":{"line":83,"column":88},"end":{"line":88,"column":null}},"line":83},"2":{"name":"(anonymous_2)","decl":{"start":{"line":96,"column":31},"end":{"line":96,"column":32}},"loc":{"start":{"line":96,"column":92},"end":{"line":101,"column":null}},"line":96},"3":{"name":"useDashboardStats","decl":{"start":{"line":122,"column":16},"end":{"line":122,"column":null}},"loc":{"start":{"line":126,"column":18},"end":{"line":218,"column":null}},"line":126},"4":{"name":"(anonymous_4)","decl":{"start":{"line":127,"column":17},"end":{"line":127,"column":23}},"loc":{"start":{"line":127,"column":23},"end":{"line":217,"column":5}},"line":127},"5":{"name":"(anonymous_5)","decl":{"start":{"line":143,"column":44},"end":{"line":143,"column":45}},"loc":{"start":{"line":143,"column":51},"end":{"line":143,"column":77}},"line":143},"6":{"name":"(anonymous_6)","decl":{"start":{"line":146,"column":50},"end":{"line":146,"column":51}},"loc":{"start":{"line":146,"column":57},"end":{"line":146,"column":76}},"line":146},"7":{"name":"(anonymous_7)","decl":{"start":{"line":149,"column":54},"end":{"line":149,"column":55}},"loc":{"start":{"line":149,"column":61},"end":{"line":149,"column":82}},"line":149},"8":{"name":"(anonymous_8)","decl":{"start":{"line":152,"column":51},"end":{"line":152,"column":52}},"loc":{"start":{"line":152,"column":58},"end":{"line":152,"column":85}},"line":152},"9":{"name":"(anonymous_9)","decl":{"start":{"line":155,"column":51},"end":{"line":155,"column":52}},"loc":{"start":{"line":156,"column":8},"end":{"line":156,"column":null}},"line":156},"10":{"name":"(anonymous_10)","decl":{"start":{"line":206,"column":23},"end":{"line":206,"column":24}},"loc":{"start":{"line":206,"column":33},"end":{"line":206,"column":62}},"line":206}},"branchMap":{"0":{"loc":{"start":{"line":87,"column":9},"end":{"line":87,"column":null}},"type":"binary-expr","locations":[{"start":{"line":87,"column":9},"end":{"line":87,"column":30}},{"start":{"line":87,"column":30},"end":{"line":87,"column":null}}],"line":87},"1":{"loc":{"start":{"line":97,"column":2},"end":{"line":97,"column":null}},"type":"if","locations":[{"start":{"line":97,"column":2},"end":{"line":97,"column":null}},{"start":{},"end":{}}],"line":97},"2":{"loc":{"start":{"line":165,"column":8},"end":{"line":172,"column":null}},"type":"if","locations":[{"start":{"line":165,"column":8},"end":{"line":172,"column":null}},{"start":{},"end":{}}],"line":165},"3":{"loc":{"start":{"line":166,"column":24},"end":{"line":166,"column":null}},"type":"binary-expr","locations":[{"start":{"line":166,"column":24},"end":{"line":166,"column":68}},{"start":{"line":166,"column":68},"end":{"line":166,"column":null}}],"line":166},"4":{"loc":{"start":{"line":170,"column":30},"end":{"line":170,"column":null}},"type":"binary-expr","locations":[{"start":{"line":170,"column":30},"end":{"line":170,"column":82}},{"start":{"line":170,"column":82},"end":{"line":170,"column":null}}],"line":170},"5":{"loc":{"start":{"line":195,"column":26},"end":{"line":195,"column":null}},"type":"binary-expr","locations":[{"start":{"line":195,"column":26},"end":{"line":195,"column":72}},{"start":{"line":195,"column":72},"end":{"line":195,"column":null}}],"line":195},"6":{"loc":{"start":{"line":196,"column":6},"end":{"line":202,"column":null}},"type":"if","locations":[{"start":{"line":196,"column":6},"end":{"line":202,"column":null}},{"start":{},"end":{}}],"line":196}},"s":{"0":1,"1":43,"2":43,"3":43,"4":1,"5":43,"6":43,"7":43,"8":43,"9":1,"10":21,"11":1,"12":20,"13":20,"14":20,"15":19,"16":18,"17":18,"18":18,"19":18,"20":18,"21":18,"22":18,"23":21,"24":55,"25":21,"26":43,"27":21,"28":43,"29":21,"30":43,"31":21,"32":43,"33":21,"34":21,"35":21,"36":43,"37":15,"38":15,"39":15,"40":15,"41":21,"42":21,"43":21,"44":21,"45":18,"46":18,"47":12,"48":12,"49":8,"50":18,"51":5,"52":18},"f":{"0":43,"1":43,"2":21,"3":19,"4":18,"5":55,"6":43,"7":43,"8":43,"9":43,"10":5},"b":{"0":[43,40],"1":[1,20],"2":[15,28],"3":[15,9],"4":[15,8],"5":[12,4],"6":[8,4]},"meta":{"lastBranch":7,"lastFunction":11,"lastStatement":53,"seen":{"s:70:18:74:Infinity":0,"f:70:18:70:19":0,"s:71:18:71:Infinity":1,"s:72:2:72:Infinity":2,"s:73:2:73:Infinity":3,"s:83:18:88:Infinity":4,"f:83:18:83:19":1,"s:84:18:84:Infinity":5,"s:85:2:85:Infinity":6,"s:86:8:86:Infinity":7,"s:87:2:87:Infinity":8,"b:87:9:87:30:87:30:87:Infinity":0,"s:96:31:101:Infinity":9,"f:96:31:96:32":2,"b:97:2:97:Infinity:undefined:undefined:undefined:undefined":1,"s:97:2:97:Infinity":10,"s:97:23:97:Infinity":11,"s:98:18:98:Infinity":12,"s:99:2:99:Infinity":13,"s:100:2:100:Infinity":14,"f:122:16:122:Infinity":3,"s:127:2:217:Infinity":15,"f:127:17:127:23":4,"s:128:10:128:Infinity":16,"s:131:25:131:Infinity":17,"s:134:23:134:Infinity":18,"s:135:23:135:Infinity":19,"s:136:23:136:Infinity":20,"s:139:38:139:Infinity":21,"s:142:4:190:Infinity":22,"s:143:29:143:Infinity":23,"f:143:44:143:45":5,"s:143:51:143:77":24,"s:146:28:146:Infinity":25,"f:146:50:146:51":6,"s:146:57:146:76":26,"s:149:32:149:Infinity":27,"f:149:54:149:55":7,"s:149:61:149:82":28,"s:152:29:152:Infinity":29,"f:152:51:152:52":8,"s:152:58:152:85":30,"s:155:29:157:Infinity":31,"f:155:51:155:52":9,"s:156:8:156:Infinity":32,"s:160:28:160:Infinity":33,"s:163:32:163:Infinity":34,"s:164:6:173:Infinity":35,"b:165:8:172:Infinity:undefined:undefined:undefined:undefined":2,"s:165:8:172:Infinity":36,"s:166:24:166:Infinity":37,"b:166:24:166:68:166:68:166:Infinity":3,"s:167:10:167:Infinity":38,"s:170:30:170:Infinity":39,"b:170:30:170:82:170:82:170:Infinity":4,"s:171:10:171:Infinity":40,"s:175:6:184:Infinity":41,"s:187:6:187:Infinity":42,"s:188:6:188:Infinity":43,"s:189:6:189:Infinity":44,"s:193:43:193:Infinity":45,"s:194:4:203:Infinity":46,"s:195:26:195:Infinity":47,"b:195:26:195:72:195:72:195:Infinity":5,"b:196:6:202:Infinity:undefined:undefined:undefined:undefined":6,"s:196:6:202:Infinity":48,"s:197:8:201:Infinity":49,"s:206:4:206:Infinity":50,"f:206:23:206:24":10,"s:206:33:206:62":51,"s:208:4:216:Infinity":52}}}
,"C:\\Users\\TatsuyaMiyazaki\\Dev\\project-planner\\.worktrees\\task-1764979294383-ac1236\\utils\\date.ts": {"path":"C:\\Users\\TatsuyaMiyazaki\\Dev\\project-planner\\.worktrees\\task-1764979294383-ac1236\\utils\\date.ts","statementMap":{"0":{"start":{"line":12,"column":23},"end":{"line":16,"column":null}},"1":{"start":{"line":13,"column":17},"end":{"line":13,"column":null}},"2":{"start":{"line":14,"column":2},"end":{"line":14,"column":null}},"3":{"start":{"line":15,"column":2},"end":{"line":15,"column":null}},"4":{"start":{"line":24,"column":26},"end":{"line":31,"column":null}},"5":{"start":{"line":25,"column":13},"end":{"line":25,"column":null}},"6":{"start":{"line":26,"column":13},"end":{"line":26,"column":null}},"7":{"start":{"line":27,"column":2},"end":{"line":27,"column":null}},"8":{"start":{"line":28,"column":2},"end":{"line":28,"column":null}},"9":{"start":{"line":29,"column":19},"end":{"line":29,"column":null}},"10":{"start":{"line":30,"column":2},"end":{"line":30,"column":null}},"11":{"start":{"line":37,"column":24},"end":{"line":41,"column":null}},"12":{"start":{"line":38,"column":16},"end":{"line":38,"column":null}},"13":{"start":{"line":39,"column":2},"end":{"line":39,"column":null}},"14":{"start":{"line":40,"column":2},"end":{"line":40,"column":null}}},"fnMap":{"0":{"name":"(anonymous_0)","decl":{"start":{"line":12,"column":23},"end":{"line":12,"column":24}},"loc":{"start":{"line":12,"column":59},"end":{"line":16,"column":null}},"line":12},"1":{"name":"(anonymous_1)","decl":{"start":{"line":24,"column":26},"end":{"line":24,"column":27}},"loc":{"start":{"line":24,"column":64},"end":{"line":31,"column":null}},"line":24},"2":{"name":"(anonymous_2)","decl":{"start":{"line":37,"column":24},"end":{"line":37,"column":36}},"loc":{"start":{"line":37,"column":36},"end":{"line":41,"column":null}},"line":37}},"branchMap":{},"s":{"0":2,"1":6,"2":6,"3":6,"4":2,"5":113,"6":113,"7":113,"8":113,"9":113,"10":113,"11":2,"12":21,"13":21,"14":21},"f":{"0":6,"1":113,"2":21},"b":{},"meta":{"lastBranch":0,"lastFunction":3,"lastStatement":15,"seen":{"s:12:23:16:Infinity":0,"f:12:23:12:24":0,"s:13:17:13:Infinity":1,"s:14:2:14:Infinity":2,"s:15:2:15:Infinity":3,"s:24:26:31:Infinity":4,"f:24:26:24:27":1,"s:25:13:25:Infinity":5,"s:26:13:26:Infinity":6,"s:27:2:27:Infinity":7,"s:28:2:28:Infinity":8,"s:29:19:29:Infinity":9,"s:30:2:30:Infinity":10,"s:37:24:41:Infinity":11,"f:37:24:37:36":2,"s:38:16:38:Infinity":12,"s:39:2:39:Infinity":13,"s:40:2:40:Infinity":14}}}
}
